<?xml version="1.0" encoding="UTF-8"?>
<!-- Generated by org.testng.reporters.JUnitXMLReporter -->
<testsuite hostname="BDC6-DX-J0J7N62" ignored="0" name="Default test" tests="4" failures="0" timestamp="19 Jul 2019 07:12:37 GMT" time="52.955" errors="0">
  <testcase name="testRegistration" time="6.23" classname="scenario1.OnlineShoppingTest"/>
  <testcase name="testLogin" time="0.664" classname="scenario1.OnlineShoppingTest"/>
  <testcase name="testCart" time="11.216" classname="scenario1.OnlineShoppingTest"/>
  <testcase name="testPayment" time="18.594" classname="scenario1.OnlineShoppingTest"/>
</testsuite> <!-- Default test -->
