<?xml version="1.0" encoding="UTF-8"?>
<testng-results skipped="0" failed="0" ignored="0" total="4" passed="4">
  <reporter-output>
  </reporter-output>
  <suite name="Default suite" duration-ms="52955" started-at="2019-07-19T07:11:44Z" finished-at="2019-07-19T07:12:37Z">
    <groups>
    </groups>
    <test name="Default test" duration-ms="52955" started-at="2019-07-19T07:11:44Z" finished-at="2019-07-19T07:12:37Z">
      <class name="scenario1.OnlineShoppingTest">
        <test-method status="PASS" signature="startReportbeforeTest()[pri:0, instance:scenario1.OnlineShoppingTest@6a4f787b]" name="startReportbeforeTest" is-config="true" duration-ms="15234" started-at="2019-07-19T07:11:44Z" finished-at="2019-07-19T07:11:59Z">
          <reporter-output>
          </reporter-output>
        </test-method> <!-- startReportbeforeTest -->
        <test-method status="PASS" signature="testRegistration()[pri:1, instance:scenario1.OnlineShoppingTest@6a4f787b]" name="testRegistration" duration-ms="6230" started-at="2019-07-19T07:11:59Z" finished-at="2019-07-19T07:12:05Z">
          <reporter-output>
          </reporter-output>
        </test-method> <!-- testRegistration -->
        <test-method status="PASS" signature="getResultafterMethod()[pri:0, instance:scenario1.OnlineShoppingTest@6a4f787b]" name="getResultafterMethod" is-config="true" duration-ms="474" started-at="2019-07-19T07:12:05Z" finished-at="2019-07-19T07:12:06Z">
          <reporter-output>
          </reporter-output>
        </test-method> <!-- getResultafterMethod -->
        <test-method status="PASS" signature="testLogin()[pri:2, instance:scenario1.OnlineShoppingTest@6a4f787b]" name="testLogin" duration-ms="664" started-at="2019-07-19T07:12:06Z" finished-at="2019-07-19T07:12:07Z">
          <reporter-output>
          </reporter-output>
        </test-method> <!-- testLogin -->
        <test-method status="PASS" signature="getResultafterMethod()[pri:0, instance:scenario1.OnlineShoppingTest@6a4f787b]" name="getResultafterMethod" is-config="true" duration-ms="103" started-at="2019-07-19T07:12:07Z" finished-at="2019-07-19T07:12:07Z">
          <reporter-output>
          </reporter-output>
        </test-method> <!-- getResultafterMethod -->
        <test-method status="PASS" signature="testCart()[pri:3, instance:scenario1.OnlineShoppingTest@6a4f787b]" name="testCart" duration-ms="11216" started-at="2019-07-19T07:12:07Z" finished-at="2019-07-19T07:12:18Z">
          <reporter-output>
          </reporter-output>
        </test-method> <!-- testCart -->
        <test-method status="PASS" signature="getResultafterMethod()[pri:0, instance:scenario1.OnlineShoppingTest@6a4f787b]" name="getResultafterMethod" is-config="true" duration-ms="75" started-at="2019-07-19T07:12:18Z" finished-at="2019-07-19T07:12:18Z">
          <reporter-output>
          </reporter-output>
        </test-method> <!-- getResultafterMethod -->
        <test-method status="PASS" signature="testPayment()[pri:4, instance:scenario1.OnlineShoppingTest@6a4f787b]" name="testPayment" duration-ms="18594" started-at="2019-07-19T07:12:18Z" finished-at="2019-07-19T07:12:37Z">
          <reporter-output>
          </reporter-output>
        </test-method> <!-- testPayment -->
        <test-method status="PASS" signature="getResultafterMethod()[pri:0, instance:scenario1.OnlineShoppingTest@6a4f787b]" name="getResultafterMethod" is-config="true" duration-ms="88" started-at="2019-07-19T07:12:37Z" finished-at="2019-07-19T07:12:37Z">
          <reporter-output>
          </reporter-output>
        </test-method> <!-- getResultafterMethod -->
        <test-method status="PASS" signature="endReportafterTest()[pri:0, instance:scenario1.OnlineShoppingTest@6a4f787b]" name="endReportafterTest" is-config="true" duration-ms="226" started-at="2019-07-19T07:12:37Z" finished-at="2019-07-19T07:12:37Z">
          <reporter-output>
          </reporter-output>
        </test-method> <!-- endReportafterTest -->
      </class> <!-- scenario1.OnlineShoppingTest -->
    </test> <!-- Default test -->
  </suite> <!-- Default suite -->
</testng-results>
